This is pdfTeX, Version 3.1415926-2.4-1.40.13 (TeX Live 2012) (format=pdflatex 2012.6.30)  17 DEC 2012 05:10
entering extended mode
 restricted \write18 enabled.
 %&-line parsing enabled.
**README.tex
(./README.tex
LaTeX2e <2011/06/27>
Babel <v3.8m> and hyphenation patterns for english, dumylang, nohyphenation, ge
rman-x-2012-05-30, ngerman-x-2012-05-30, afrikaans, ancientgreek, ibycus, arabi
c, armenian, basque, bulgarian, catalan, pinyin, coptic, croatian, czech, danis
h, dutch, ukenglish, usenglishmax, esperanto, estonian, ethiopic, farsi, finnis
h, french, friulan, galician, german, ngerman, swissgerman, monogreek, greek, h
ungarian, icelandic, assamese, bengali, gujarati, hindi, kannada, malayalam, ma
rathi, oriya, panjabi, tamil, telugu, indonesian, interlingua, irish, italian, 
kurmanji, latin, latvian, lithuanian, mongolian, mongolianlmc, bokmal, nynorsk,
 polish, portuguese, romanian, romansh, russian, sanskrit, serbian, serbianc, s
lovak, slovenian, spanish, swedish, turkish, turkmen, ukrainian, uppersorbian, 
welsh, loaded.
(/usr/local/texlive/2012/texmf-dist/tex/latex/base/article.cls
Document Class: article 2007/10/19 v1.4h Standard LaTeX document class
(/usr/local/texlive/2012/texmf-dist/tex/latex/base/size11.clo
File: size11.clo 2007/10/19 v1.4h Standard LaTeX file (size option)
)
\c@part=\count79
\c@section=\count80
\c@subsection=\count81
\c@subsubsection=\count82
\c@paragraph=\count83
\c@subparagraph=\count84
\c@figure=\count85
\c@table=\count86
\abovecaptionskip=\skip41
\belowcaptionskip=\skip42
\bibindent=\dimen102
)
(/usr/local/texlive/2012/texmf-dist/tex/latex/geometry/geometry.sty
Package: geometry 2010/09/12 v5.6 Page Geometry

(/usr/local/texlive/2012/texmf-dist/tex/latex/graphics/keyval.sty
Package: keyval 1999/03/16 v1.13 key=value parser (DPC)
\KV@toks@=\toks14
)
(/usr/local/texlive/2012/texmf-dist/tex/generic/oberdiek/ifpdf.sty
Package: ifpdf 2011/01/30 v2.3 Provides the ifpdf switch (HO)
Package ifpdf Info: pdfTeX in PDF mode is detected.
)
(/usr/local/texlive/2012/texmf-dist/tex/generic/oberdiek/ifvtex.sty
Package: ifvtex 2010/03/01 v1.5 Detect VTeX and its facilities (HO)
Package ifvtex Info: VTeX not detected.
)
(/usr/local/texlive/2012/texmf-dist/tex/generic/ifxetex/ifxetex.sty
Package: ifxetex 2010/09/12 v0.6 Provides ifxetex conditional
)
\Gm@cnth=\count87
\Gm@cntv=\count88
\c@Gm@tempcnt=\count89
\Gm@bindingoffset=\dimen103
\Gm@wd@mp=\dimen104
\Gm@odd@mp=\dimen105
\Gm@even@mp=\dimen106
\Gm@layoutwidth=\dimen107
\Gm@layoutheight=\dimen108
\Gm@layouthoffset=\dimen109
\Gm@layoutvoffset=\dimen110
\Gm@dimlist=\toks15
)
(/usr/local/texlive/2012/texmf-dist/tex/latex/hyperref/hyperref.sty
Package: hyperref 2012/05/13 v6.82q Hypertext links for LaTeX

(/usr/local/texlive/2012/texmf-dist/tex/generic/oberdiek/hobsub-hyperref.sty
Package: hobsub-hyperref 2012/05/28 v1.13 Bundle oberdiek, subset hyperref (HO)


(/usr/local/texlive/2012/texmf-dist/tex/generic/oberdiek/hobsub-generic.sty
Package: hobsub-generic 2012/05/28 v1.13 Bundle oberdiek, subset generic (HO)
Package: hobsub 2012/05/28 v1.13 Construct package bundles (HO)
Package: infwarerr 2010/04/08 v1.3 Providing info/warning/error messages (HO)
Package: ltxcmds 2011/11/09 v1.22 LaTeX kernel commands for general use (HO)
Package: ifluatex 2010/03/01 v1.3 Provides the ifluatex switch (HO)
Package ifluatex Info: LuaTeX not detected.
Package hobsub Info: Skipping package `ifvtex' (already loaded).
Package: intcalc 2007/09/27 v1.1 Expandable calculations with integers (HO)
Package hobsub Info: Skipping package `ifpdf' (already loaded).
Package: etexcmds 2011/02/16 v1.5 Avoid name clashes with e-TeX commands (HO)
Package etexcmds Info: Could not find \expanded.
(etexcmds)             That can mean that you are not using pdfTeX 1.50 or
(etexcmds)             that some package has redefined \expanded.
(etexcmds)             In the latter case, load this package earlier.
Package: kvsetkeys 2012/04/25 v1.16 Key value parser (HO)
Package: kvdefinekeys 2011/04/07 v1.3 Define keys (HO)
Package: pdftexcmds 2011/11/29 v0.20 Utility functions of pdfTeX for LuaTeX (HO
)
Package pdftexcmds Info: LuaTeX not detected.
Package pdftexcmds Info: \pdf@primitive is available.
Package pdftexcmds Info: \pdf@ifprimitive is available.
Package pdftexcmds Info: \pdfdraftmode found.
Package: pdfescape 2011/11/25 v1.13 Implements pdfTeX's escape features (HO)
Package: bigintcalc 2012/04/08 v1.3 Expandable calculations on big integers (HO
)
Package: bitset 2011/01/30 v1.1 Handle bit-vector datatype (HO)
Package: uniquecounter 2011/01/30 v1.2 Provide unlimited unique counter (HO)
)
Package hobsub Info: Skipping package `hobsub' (already loaded).
Package: letltxmacro 2010/09/02 v1.4 Let assignment for LaTeX macros (HO)
Package: hopatch 2012/05/28 v1.2 Wrapper for package hooks (HO)
Package: xcolor-patch 2011/01/30 xcolor patch
Package: atveryend 2011/06/30 v1.8 Hooks at the very end of document (HO)
Package atveryend Info: \enddocument detected (standard20110627).
Package: atbegshi 2011/10/05 v1.16 At begin shipout hook (HO)
Package: refcount 2011/10/16 v3.4 Data extraction from label references (HO)
Package: hycolor 2011/01/30 v1.7 Color options for hyperref/bookmark (HO)
)
(/usr/local/texlive/2012/texmf-dist/tex/latex/oberdiek/kvoptions.sty
Package: kvoptions 2011/06/30 v3.11 Key value format for package options (HO)
)
\@linkdim=\dimen111
\Hy@linkcounter=\count90
\Hy@pagecounter=\count91

(/usr/local/texlive/2012/texmf-dist/tex/latex/hyperref/pd1enc.def
File: pd1enc.def 2012/05/13 v6.82q Hyperref: PDFDocEncoding definition (HO)
)
\Hy@SavedSpaceFactor=\count92

(/usr/local/texlive/2012/texmf-dist/tex/latex/latexconfig/hyperref.cfg
File: hyperref.cfg 2002/06/06 v1.2 hyperref configuration of TeXLive
)
Package hyperref Info: Option `colorlinks' set `true' on input line 3941.
Package hyperref Info: Hyper figures OFF on input line 4062.
Package hyperref Info: Link nesting OFF on input line 4067.
Package hyperref Info: Hyper index ON on input line 4070.
Package hyperref Info: Plain pages OFF on input line 4077.
Package hyperref Info: Backreferencing OFF on input line 4082.
Package hyperref Info: Implicit mode ON; LaTeX internals redefined.
Package hyperref Info: Bookmarks ON on input line 4300.
\c@Hy@tempcnt=\count93

(/usr/local/texlive/2012/texmf-dist/tex/latex/url/url.sty
\Urlmuskip=\muskip10
Package: url 2006/04/12  ver 3.3  Verb mode for urls, etc.
)
LaTeX Info: Redefining \url on input line 4653.
\Fld@menulength=\count94
\Field@Width=\dimen112
\Fld@charsize=\dimen113
Package hyperref Info: Hyper figures OFF on input line 5773.
Package hyperref Info: Link nesting OFF on input line 5778.
Package hyperref Info: Hyper index ON on input line 5781.
Package hyperref Info: backreferencing OFF on input line 5788.
Package hyperref Info: Link coloring ON on input line 5791.
Package hyperref Info: Link coloring with OCG OFF on input line 5798.
Package hyperref Info: PDF/A mode OFF on input line 5803.
LaTeX Info: Redefining \ref on input line 5843.
LaTeX Info: Redefining \pageref on input line 5847.
\Hy@abspage=\count95
\c@Item=\count96
\c@Hfootnote=\count97
)

Package hyperref Message: Driver (autodetected): hpdftex.

(/usr/local/texlive/2012/texmf-dist/tex/latex/hyperref/hpdftex.def
File: hpdftex.def 2012/05/13 v6.82q Hyperref driver for pdfTeX
\Fld@listcount=\count98
\c@bookmark@seq@number=\count99

(/usr/local/texlive/2012/texmf-dist/tex/latex/oberdiek/rerunfilecheck.sty
Package: rerunfilecheck 2011/04/15 v1.7 Rerun checks for auxiliary files (HO)
Package uniquecounter Info: New unique counter `rerunfilecheck' on input line 2
82.
)
\Hy@SectionHShift=\skip43
)
(/usr/local/texlive/2012/texmf-dist/tex/latex/capt-of/capt-of.sty
Package: capt-of 2009/12/29 v0.2 standard captions outside of floats
)
(/usr/local/texlive/2012/texmf-dist/tex/latex/amsfonts/amssymb.sty
Package: amssymb 2009/06/22 v3.00

(/usr/local/texlive/2012/texmf-dist/tex/latex/amsfonts/amsfonts.sty
Package: amsfonts 2009/06/22 v3.00 Basic AMSFonts support
\@emptytoks=\toks16
\symAMSa=\mathgroup4
\symAMSb=\mathgroup5
LaTeX Font Info:    Overwriting math alphabet `\mathfrak' in version `bold'
(Font)                  U/euf/m/n --> U/euf/b/n on input line 96.
))
(/usr/local/texlive/2012/texmf-dist/tex/latex/amsmath/amsmath.sty
Package: amsmath 2000/07/18 v2.13 AMS math features
\@mathmargin=\skip44

For additional information on amsmath, use the `?' option.
(/usr/local/texlive/2012/texmf-dist/tex/latex/amsmath/amstext.sty
Package: amstext 2000/06/29 v2.01

(/usr/local/texlive/2012/texmf-dist/tex/latex/amsmath/amsgen.sty
File: amsgen.sty 1999/11/30 v2.0
\@emptytoks=\toks17
\ex@=\dimen114
))
(/usr/local/texlive/2012/texmf-dist/tex/latex/amsmath/amsbsy.sty
Package: amsbsy 1999/11/29 v1.2d
\pmbraise@=\dimen115
)
(/usr/local/texlive/2012/texmf-dist/tex/latex/amsmath/amsopn.sty
Package: amsopn 1999/12/14 v2.01 operator names
)
\inf@bad=\count100
LaTeX Info: Redefining \frac on input line 211.
\uproot@=\count101
\leftroot@=\count102
LaTeX Info: Redefining \overline on input line 307.
\classnum@=\count103
\DOTSCASE@=\count104
LaTeX Info: Redefining \ldots on input line 379.
LaTeX Info: Redefining \dots on input line 382.
LaTeX Info: Redefining \cdots on input line 467.
\Mathstrutbox@=\box26
\strutbox@=\box27
\big@size=\dimen116
LaTeX Font Info:    Redeclaring font encoding OML on input line 567.
LaTeX Font Info:    Redeclaring font encoding OMS on input line 568.
\macc@depth=\count105
\c@MaxMatrixCols=\count106
\dotsspace@=\muskip11
\c@parentequation=\count107
\dspbrk@lvl=\count108
\tag@help=\toks18
\row@=\count109
\column@=\count110
\maxfields@=\count111
\andhelp@=\toks19
\eqnshift@=\dimen117
\alignsep@=\dimen118
\tagshift@=\dimen119
\tagwidth@=\dimen120
\totwidth@=\dimen121
\lineht@=\dimen122
\@envbody=\toks20
\multlinegap=\skip45
\multlinetaggap=\skip46
\mathdisplay@stack=\toks21
LaTeX Info: Redefining \[ on input line 2666.
LaTeX Info: Redefining \] on input line 2667.
)
(/usr/local/texlive/2012/texmf-dist/tex/latex/graphics/graphicx.sty
Package: graphicx 1999/02/16 v1.0f Enhanced LaTeX Graphics (DPC,SPQR)

(/usr/local/texlive/2012/texmf-dist/tex/latex/graphics/graphics.sty
Package: graphics 2009/02/05 v1.0o Standard LaTeX Graphics (DPC,SPQR)

(/usr/local/texlive/2012/texmf-dist/tex/latex/graphics/trig.sty
Package: trig 1999/03/16 v1.09 sin cos tan (DPC)
)
(/usr/local/texlive/2012/texmf-dist/tex/latex/latexconfig/graphics.cfg
File: graphics.cfg 2010/04/23 v1.9 graphics configuration of TeX Live
)
Package graphics Info: Driver file: pdftex.def on input line 91.

(/usr/local/texlive/2012/texmf-dist/tex/latex/pdftex-def/pdftex.def
File: pdftex.def 2011/05/27 v0.06d Graphics/color for pdfTeX
\Gread@gobject=\count112
))
\Gin@req@height=\dimen123
\Gin@req@width=\dimen124
)
(/usr/local/texlive/2012/texmf-dist/tex/latex/graphics/color.sty
Package: color 2005/11/14 v1.0j Standard LaTeX Color (DPC)

(/usr/local/texlive/2012/texmf-dist/tex/latex/latexconfig/color.cfg
File: color.cfg 2007/01/18 v1.5 color configuration of teTeX/TeXLive
)
Package color Info: Driver file: pdftex.def on input line 130.
)
(/usr/local/texlive/2012/texmf-dist/tex/latex/bbm-macros/bbm.sty
Package: bbm 1999/03/15 V 1.2 provides fonts for set symbols - TH
LaTeX Font Info:    Overwriting math alphabet `\mathbbm' in version `bold'
(Font)                  U/bbm/m/n --> U/bbm/bx/n on input line 33.
LaTeX Font Info:    Overwriting math alphabet `\mathbbmss' in version `bold'
(Font)                  U/bbmss/m/n --> U/bbmss/bx/n on input line 35.
)
(/usr/local/texlive/2012/texmf-dist/tex/latex/float/float.sty
Package: float 2001/11/08 v1.3d Float enhancements (AL)
\c@float@type=\count113
\float@exts=\toks22
\float@box=\box28
\@float@everytoks=\toks23
\@floatcapt=\box29
)
(/usr/local/texlive/2012/texmf-dist/tex/latex/wrapfig/wrapfig.sty
\wrapoverhang=\dimen125
\WF@size=\dimen126
\c@WF@wrappedlines=\count114
\WF@box=\box30
\WF@everypar=\toks24
Package: wrapfig 2003/01/31  v 3.6
)
(/usr/local/texlive/2012/texmf-dist/tex/latex/tools/enumerate.sty
Package: enumerate 1999/03/05 v3.00 enumerate extensions (DPC)
\@enLab=\toks25
)
(/usr/local/texlive/2012/texmf-dist/tex/latex/tools/bm.sty
Package: bm 2004/02/26 v1.1c Bold Symbol Support (DPC/FMi)
\symboldoperators=\mathgroup6
\symboldletters=\mathgroup7
\symboldsymbols=\mathgroup8
LaTeX Font Info:    Redeclaring math alphabet \mathbf on input line 138.
LaTeX Info: Redefining \bm on input line 204.
)
(/usr/local/texlive/2012/texmf-dist/tex/latex/preprint/fullpage.sty
Package: fullpage 1999/02/23 1.1 (PWD)
\FP@margin=\skip47
)
(./README.aux)
\openout1 = `README.aux'.

LaTeX Font Info:    Checking defaults for OML/cmm/m/it on input line 38.
LaTeX Font Info:    ... okay on input line 38.
LaTeX Font Info:    Checking defaults for T1/cmr/m/n on input line 38.
LaTeX Font Info:    ... okay on input line 38.
LaTeX Font Info:    Checking defaults for OT1/cmr/m/n on input line 38.
LaTeX Font Info:    ... okay on input line 38.
LaTeX Font Info:    Checking defaults for OMS/cmsy/m/n on input line 38.
LaTeX Font Info:    ... okay on input line 38.
LaTeX Font Info:    Checking defaults for OMX/cmex/m/n on input line 38.
LaTeX Font Info:    ... okay on input line 38.
LaTeX Font Info:    Checking defaults for U/cmr/m/n on input line 38.
LaTeX Font Info:    ... okay on input line 38.
LaTeX Font Info:    Checking defaults for PD1/pdf/m/n on input line 38.
LaTeX Font Info:    ... okay on input line 38.

*geometry* driver: auto-detecting
*geometry* detected driver: pdftex
*geometry* verbose mode - [ preamble ] result:
* driver: pdftex
* paper: letterpaper
* layout: <same size as paper>
* layoutoffset:(h,v)=(0.0pt,0.0pt)
* modes: 
* h-part:(L,W,R)=(72.26999pt, 469.75502pt, 72.26999pt)
* v-part:(T,H,B)=(72.26999pt, 650.43001pt, 72.26999pt)
* \paperwidth=614.295pt
* \paperheight=794.96999pt
* \textwidth=469.75502pt
* \textheight=620.43001pt
* \oddsidemargin=0.0pt
* \evensidemargin=0.0pt
* \topmargin=0.0pt
* \headheight=0.0pt
* \headsep=0.0pt
* \topskip=11.0pt
* \footskip=30.0pt
* \marginparwidth=59.0pt
* \marginparsep=10.0pt
* \columnsep=10.0pt
* \skip\footins=10.0pt plus 4.0pt minus 2.0pt
* \hoffset=0.0pt
* \voffset=0.0pt
* \mag=1000
* \@twocolumnfalse
* \@twosidefalse
* \@mparswitchfalse
* \@reversemarginfalse
* (1in=72.27pt=25.4mm, 1cm=28.453pt)

\AtBeginShipoutBox=\box31
Package hyperref Info: Link coloring ON on input line 38.
(/usr/local/texlive/2012/texmf-dist/tex/latex/hyperref/nameref.sty
Package: nameref 2010/04/30 v2.40 Cross-referencing by name of section

(/usr/local/texlive/2012/texmf-dist/tex/generic/oberdiek/gettitlestring.sty
Package: gettitlestring 2010/12/03 v1.4 Cleanup title references (HO)
)
\c@section@level=\count115
)
LaTeX Info: Redefining \ref on input line 38.
LaTeX Info: Redefining \pageref on input line 38.
LaTeX Info: Redefining \nameref on input line 38.

(./README.out) (./README.out)
\@outlinefile=\write3
\openout3 = `README.out'.


(/usr/local/texlive/2012/texmf-dist/tex/context/base/supp-pdf.mkii
[Loading MPS to PDF converter (version 2006.09.02).]
\scratchcounter=\count116
\scratchdimen=\dimen127
\scratchbox=\box32
\nofMPsegments=\count117
\nofMParguments=\count118
\everyMPshowfont=\toks26
\MPscratchCnt=\count119
\MPscratchDim=\dimen128
\MPnumerator=\count120
\makeMPintoPDFobject=\count121
\everyMPtoPDFconversion=\toks27
) (/usr/local/texlive/2012/texmf-dist/tex/latex/oberdiek/epstopdf-base.sty
Package: epstopdf-base 2010/02/09 v2.5 Base part for package epstopdf

(/usr/local/texlive/2012/texmf-dist/tex/latex/oberdiek/grfext.sty
Package: grfext 2010/08/19 v1.1 Manage graphics extensions (HO)
)
Package grfext Info: Graphics extension search list:
(grfext)             [.png,.pdf,.jpg,.mps,.jpeg,.jbig2,.jb2,.PNG,.PDF,.JPG,.JPE
G,.JBIG2,.JB2,.eps]
(grfext)             \AppendGraphicsExtensions on input line 452.

(/usr/local/texlive/2012/texmf-dist/tex/latex/latexconfig/epstopdf-sys.cfg
File: epstopdf-sys.cfg 2010/07/13 v1.3 Configuration of (r)epstopdf for TeX Liv
e
))
LaTeX Font Info:    Try loading font information for U+msa on input line 41.

(/usr/local/texlive/2012/texmf-dist/tex/latex/amsfonts/umsa.fd
File: umsa.fd 2009/06/22 v3.00 AMS symbols A
)
LaTeX Font Info:    Try loading font information for U+msb on input line 41.

(/usr/local/texlive/2012/texmf-dist/tex/latex/amsfonts/umsb.fd
File: umsb.fd 2009/06/22 v3.00 AMS symbols B
)
LaTeX Font Info:    Try loading font information for OMS+cmtt on input line 41.

LaTeX Font Info:    No file OMScmtt.fd. on input line 41.


LaTeX Font Warning: Font shape `OMS/cmtt/m/n' undefined
(Font)              using `OMS/cmsy/m/n' instead
(Font)              for symbol `textbraceleft' on input line 41.


Underfull \hbox (badness 10000) in paragraph at lines 59--61

 []

[1

{/usr/local/texlive/2012/texmf-var/fonts/map/pdftex/updmap/pdftex.map}]
Missing character: There is no ‚ in font cmr12!
Missing character: There is no Ä in font cmr12!
Missing character: There is no ú in font cmr12!
Missing character: There is no ‚ in font cmr12!
Missing character: There is no Ä in font cmr12!
Missing character: There is no ù in font cmr12!

Underfull \hbox (badness 10000) in paragraph at lines 72--74

 []

[2]
Missing character: There is no ‚ in font cmr12!
Missing character: There is no Ä in font cmr12!
Missing character: There is no ò in font cmr12!
Missing character: There is no ‚ in font cmr12!
Missing character: There is no Ä in font cmr12!
Missing character: There is no ò in font cmr12!
Missing character: There is no ‚ in font cmr12!
Missing character: There is no Ä in font cmr12!
Missing character: There is no ô in font cmr12!
Missing character: There is no ‚ in font cmr12!
Missing character: There is no Ä in font cmr12!
Missing character: There is no ô in font cmr12!
Missing character: There is no ‚ in font cmr12!
Missing character: There is no Ä in font cmr12!
Missing character: There is no ò in font cmr12!
Missing character: There is no ‚ in font cmr12!
Missing character: There is no Ä in font cmr12!
Missing character: There is no ò in font cmr12!
Missing character: There is no ‚ in font cmr12!
Missing character: There is no Ä in font cmr12!
Missing character: There is no ô in font cmr12!
Missing character: There is no ‚ in font cmr12!
Missing character: There is no Ä in font cmr12!
Missing character: There is no ô in font cmr12!
 [3]
Missing character: There is no ‚ in font cmr12!
Missing character: There is no Ä in font cmr12!
Missing character: There is no ú in font cmr12!
Missing character: There is no ‚ in font cmr12!
Missing character: There is no Ä in font cmr12!
Missing character: There is no ù in font cmr12!
 [4] [5]
Package epstopdf Info: Source file: <iterVsAccuracy-linear.eps>
(epstopdf)                    date: 2012-12-16 06:09:11
(epstopdf)                    size: 364440 bytes
(epstopdf)             Output file: <iterVsAccuracy-linear-eps-converted-to.pdf
>
(epstopdf)                    date: 2012-12-16 21:15:49
(epstopdf)                    size: 94609 bytes
(epstopdf)             Command: <repstopdf --outfile=iterVsAccuracy-linear-eps-
converted-to.pdf iterVsAccuracy-linear.eps>
(epstopdf)             \includegraphics on input line 163.
Package epstopdf Info: Output file is already uptodate.

<iterVsAccuracy-linear-eps-converted-to.pdf, id=149, 849.1725pt x 596.2275pt>
File: iterVsAccuracy-linear-eps-converted-to.pdf Graphic file (type pdf)

<use iterVsAccuracy-linear-eps-converted-to.pdf>
Package pdftex.def Info: iterVsAccuracy-linear-eps-converted-to.pdf used on inp
ut line 163.
(pdftex.def)             Requested size: 398.33858pt x 279.6811pt.
 [6pdfTeX warning (ext4): destination with the same identifier (name{figure.1})
 has been already used, duplicate ignored

\AtBegShi@Output ...ipout \box \AtBeginShipoutBox 
                                                  \fi \fi 
l.172 \item T
             he rate of increase of test error after the boosting algorithm ...
 <./iterVsAccuracy-linear-eps-converted-to.pdf>]
Package epstopdf Info: Source file: <iterVsAccuracy-gaussian.eps>
(epstopdf)                    date: 2012-12-16 06:12:03
(epstopdf)                    size: 362422 bytes
(epstopdf)             Output file: <iterVsAccuracy-gaussian-eps-converted-to.p
df>
(epstopdf)                    date: 2012-12-16 21:11:10
(epstopdf)                    size: 93900 bytes
(epstopdf)             Command: <repstopdf --outfile=iterVsAccuracy-gaussian-ep
s-converted-to.pdf iterVsAccuracy-gaussian.eps>
(epstopdf)             \includegraphics on input line 178.
Package epstopdf Info: Output file is already uptodate.

<iterVsAccuracy-gaussian-eps-converted-to.pdf, id=165, 849.1725pt x 596.2275pt>
File: iterVsAccuracy-gaussian-eps-converted-to.pdf Graphic file (type pdf)
<use iterVsAccuracy-gaussian-eps-converted-to.pdf>
Package pdftex.def Info: iterVsAccuracy-gaussian-eps-converted-to.pdf used on i
nput line 178.
(pdftex.def)             Requested size: 398.33858pt x 279.6811pt.
Package epstopdf Info: Source file: <iterVsAccuracy-spherical.eps>
(epstopdf)                    date: 2012-12-16 06:10:39
(epstopdf)                    size: 365934 bytes
(epstopdf)             Output file: <iterVsAccuracy-spherical-eps-converted-to.
pdf>
(epstopdf)                    date: 2012-12-16 21:15:49
(epstopdf)                    size: 95091 bytes
(epstopdf)             Command: <repstopdf --outfile=iterVsAccuracy-spherical-e
ps-converted-to.pdf iterVsAccuracy-spherical.eps>
(epstopdf)             \includegraphics on input line 185.
Package epstopdf Info: Output file is already uptodate.

<iterVsAccuracy-spherical-eps-converted-to.pdf, id=166, 849.1725pt x 596.2275pt
>
File: iterVsAccuracy-spherical-eps-converted-to.pdf Graphic file (type pdf)
 <use iterVsAccuracy-spherical-eps-converted-to.pdf>
Package pdftex.def Info: iterVsAccuracy-spherical-eps-converted-to.pdf used on 
input line 185.
(pdftex.def)             Requested size: 398.33858pt x 279.6811pt.
 [7pdfTeX warning (ext4): destination with the same identifier (name{figure.2})
 has been already used, duplicate ignored

\AtBegShi@Output ...ipout \box \AtBeginShipoutBox 
                                                  \fi \fi 
l.189 
       <./iterVsAccuracy-gaussian-eps-converted-to.pdf>]
Package epstopdf Info: Source file: <sizeVsAccuracy-linear.eps>
(epstopdf)                    date: 2012-12-16 06:17:05
(epstopdf)                    size: 367142 bytes
(epstopdf)             Output file: <sizeVsAccuracy-linear-eps-converted-to.pdf
>
(epstopdf)                    date: 2012-12-16 21:18:17
(epstopdf)                    size: 96001 bytes
(epstopdf)             Command: <repstopdf --outfile=sizeVsAccuracy-linear-eps-
converted-to.pdf sizeVsAccuracy-linear.eps>
(epstopdf)             \includegraphics on input line 201.
Package epstopdf Info: Output file is already uptodate.

<sizeVsAccuracy-linear-eps-converted-to.pdf, id=182, 849.1725pt x 596.2275pt>
File: sizeVsAccuracy-linear-eps-converted-to.pdf Graphic file (type pdf)

<use sizeVsAccuracy-linear-eps-converted-to.pdf>
Package pdftex.def Info: sizeVsAccuracy-linear-eps-converted-to.pdf used on inp
ut line 201.
(pdftex.def)             Requested size: 398.33858pt x 279.6811pt.
 [8pdfTeX warning (ext4): destination with the same identifier (name{figure.3})
 has been already used, duplicate ignored

\AtBegShi@Output ...ipout \box \AtBeginShipoutBox 
                                                  \fi \fi 
l.205 
       <./iterVsAccuracy-spherical-eps-converted-to.pdf>]
Package epstopdf Info: Source file: <sizeVsAccuracy-gaussian.eps>
(epstopdf)                    date: 2012-12-16 06:18:26
(epstopdf)                    size: 362097 bytes
(epstopdf)             Output file: <sizeVsAccuracy-gaussian-eps-converted-to.p
df>
(epstopdf)                    date: 2012-12-16 21:18:18
(epstopdf)                    size: 94404 bytes
(epstopdf)             Command: <repstopdf --outfile=sizeVsAccuracy-gaussian-ep
s-converted-to.pdf sizeVsAccuracy-gaussian.eps>
(epstopdf)             \includegraphics on input line 208.
Package epstopdf Info: Output file is already uptodate.

<sizeVsAccuracy-gaussian-eps-converted-to.pdf, id=196, 849.1725pt x 596.2275pt>
File: sizeVsAccuracy-gaussian-eps-converted-to.pdf Graphic file (type pdf)
<use sizeVsAccuracy-gaussian-eps-converted-to.pdf>
Package pdftex.def Info: sizeVsAccuracy-gaussian-eps-converted-to.pdf used on i
nput line 208.
(pdftex.def)             Requested size: 398.33858pt x 279.6811pt.
Package epstopdf Info: Source file: <sizeVsAccuracy-spherical.eps>
(epstopdf)                    date: 2012-12-16 06:20:00
(epstopdf)                    size: 365612 bytes
(epstopdf)             Output file: <sizeVsAccuracy-spherical-eps-converted-to.
pdf>
(epstopdf)                    date: 2012-12-16 21:18:18
(epstopdf)                    size: 95574 bytes
(epstopdf)             Command: <repstopdf --outfile=sizeVsAccuracy-spherical-e
ps-converted-to.pdf sizeVsAccuracy-spherical.eps>
(epstopdf)             \includegraphics on input line 215.
Package epstopdf Info: Output file is already uptodate.

<sizeVsAccuracy-spherical-eps-converted-to.pdf, id=197, 849.1725pt x 596.2275pt
>
File: sizeVsAccuracy-spherical-eps-converted-to.pdf Graphic file (type pdf)
 <use sizeVsAccuracy-spherical-eps-converted-to.pdf>
Package pdftex.def Info: sizeVsAccuracy-spherical-eps-converted-to.pdf used on 
input line 215.
(pdftex.def)             Requested size: 398.33858pt x 279.6811pt.
 [9pdfTeX warning (ext4): destination with the same identifier (name{figure.4})
 has been already used, duplicate ignored

\AtBegShi@Output ...ipout \box \AtBeginShipoutBox 
                                                  \fi \fi 
l.219 
      pdfTeX warning (ext4): destination with the same identifier (name{figure.
5}) has been already used, duplicate ignored

\AtBegShi@Output ...ipout \box \AtBeginShipoutBox 
                                                  \fi \fi 
l.219 
       <./sizeVsAccuracy-linear-eps-converted-to.pdf> <./sizeVsAccuracy-gaussia
n-eps-converted-to.pdf>]
Package epstopdf Info: Source file: <modelVsAccuracy-train-linear.eps>
(epstopdf)                    date: 2012-12-16 06:36:01
(epstopdf)                    size: 183056 bytes
(epstopdf)             Output file: <modelVsAccuracy-train-linear-eps-converted
-to.pdf>
(epstopdf)                    date: 2012-12-16 21:31:17
(epstopdf)                    size: 51613 bytes
(epstopdf)             Command: <repstopdf --outfile=modelVsAccuracy-train-line
ar-eps-converted-to.pdf modelVsAccuracy-train-linear.eps>
(epstopdf)             \includegraphics on input line 224.
Package epstopdf Info: Output file is already uptodate.

<modelVsAccuracy-train-linear-eps-converted-to.pdf, id=214, 849.1725pt x 596.22
75pt>
File: modelVsAccuracy-train-linear-eps-converted-to.pdf Graphic file (type pdf)

 <use modelVsAccuracy-train-linear-eps-converted-to.pdf>
Package pdftex.def Info: modelVsAccuracy-train-linear-eps-converted-to.pdf used
 on input line 224.
(pdftex.def)             Requested size: 398.33858pt x 279.6811pt.
 [10pdfTeX warning (ext4): destination with the same identifier (name{figure.6}
) has been already used, duplicate ignored

\AtBegShi@Output ...ipout \box \AtBeginShipoutBox 
                                                  \fi \fi 
l.228 
       <./sizeVsAccuracy-spherical-eps-converted-to.pdf>]
Package epstopdf Info: Source file: <modelVsAccuracy-train-gaussian.eps>
(epstopdf)                    date: 2012-12-16 06:36:36
(epstopdf)                    size: 174880 bytes
(epstopdf)             Output file: <modelVsAccuracy-train-gaussian-eps-convert
ed-to.pdf>
(epstopdf)                    date: 2012-12-16 21:31:17
(epstopdf)                    size: 49375 bytes
(epstopdf)             Command: <repstopdf --outfile=modelVsAccuracy-train-gaus
sian-eps-converted-to.pdf modelVsAccuracy-train-gaussian.eps>
(epstopdf)             \includegraphics on input line 239.
Package epstopdf Info: Output file is already uptodate.

<modelVsAccuracy-train-gaussian-eps-converted-to.pdf, id=228, 849.1725pt x 596.
2275pt>
File: modelVsAccuracy-train-gaussian-eps-converted-to.pdf Graphic file (type pd
f)
 <use modelVsAccuracy-train-gaussian-eps-converted-to.pdf>
Package pdftex.def Info: modelVsAccuracy-train-gaussian-eps-converted-to.pdf us
ed on input line 239.
(pdftex.def)             Requested size: 398.33858pt x 279.6811pt.
 [11pdfTeX warning (ext4): destination with the same identifier (name{figure.7}
) has been already used, duplicate ignored

\AtBegShi@Output ...ipout \box \AtBeginShipoutBox 
                                                  \fi \fi 
l.243 
       <./modelVsAccuracy-train-linear-eps-converted-to.pdf>]
Package epstopdf Info: Source file: <modelVsAccuracy-train-spherical.eps>
(epstopdf)                    date: 2012-12-16 06:36:23
(epstopdf)                    size: 178389 bytes
(epstopdf)             Output file: <modelVsAccuracy-train-spherical-eps-conver
ted-to.pdf>
(epstopdf)                    date: 2012-12-16 21:31:18
(epstopdf)                    size: 50269 bytes
(epstopdf)             Command: <repstopdf --outfile=modelVsAccuracy-train-sphe
rical-eps-converted-to.pdf modelVsAccuracy-train-spherical.eps>
(epstopdf)             \includegraphics on input line 246.
Package epstopdf Info: Output file is already uptodate.

<modelVsAccuracy-train-spherical-eps-converted-to.pdf, id=240, 849.1725pt x 596
.2275pt>
File: modelVsAccuracy-train-spherical-eps-converted-to.pdf Graphic file (type p
df)
 <use modelVsAccuracy-train-spherical-eps-converted-to.pdf>
Package pdftex.def Info: modelVsAccuracy-train-spherical-eps-converted-to.pdf u
sed on input line 246.
(pdftex.def)             Requested size: 398.33858pt x 279.6811pt.
Package epstopdf Info: Source file: <modelVsAccuracy-test-linear.eps>
(epstopdf)                    date: 2012-12-16 06:36:49
(epstopdf)                    size: 179863 bytes
(epstopdf)             Output file: <modelVsAccuracy-test-linear-eps-converted-
to.pdf>
(epstopdf)                    date: 2012-12-16 21:31:18
(epstopdf)                    size: 50863 bytes
(epstopdf)             Command: <repstopdf --outfile=modelVsAccuracy-test-linea
r-eps-converted-to.pdf modelVsAccuracy-test-linear.eps>
(epstopdf)             \includegraphics on input line 253.
Package epstopdf Info: Output file is already uptodate.

<modelVsAccuracy-test-linear-eps-converted-to.pdf, id=241, 849.1725pt x 596.227
5pt>
File: modelVsAccuracy-test-linear-eps-converted-to.pdf Graphic file (type pdf)
 <use modelVsAccuracy-test-linear-eps-converted-to.pdf>
Package pdftex.def Info: modelVsAccuracy-test-linear-eps-converted-to.pdf used 
on input line 253.
(pdftex.def)             Requested size: 398.33858pt x 279.6811pt.
 [12pdfTeX warning (ext4): destination with the same identifier (name{figure.8}
) has been already used, duplicate ignored

\AtBegShi@Output ...ipout \box \AtBeginShipoutBox 
                                                  \fi \fi 
l.257 
      pdfTeX warning (ext4): destination with the same identifier (name{figure.
9}) has been already used, duplicate ignored

\AtBegShi@Output ...ipout \box \AtBeginShipoutBox 
                                                  \fi \fi 
l.257 
       <./modelVsAccuracy-train-gaussian-eps-converted-to.pdf> <./modelVsAccura
cy-train-spherical-eps-converted-to.pdf>]
Package epstopdf Info: Source file: <modelVsAccuracy-test-gaussian.eps>
(epstopdf)                    date: 2012-12-16 06:37:15
(epstopdf)                    size: 181028 bytes
(epstopdf)             Output file: <modelVsAccuracy-test-gaussian-eps-converte
d-to.pdf>
(epstopdf)                    date: 2012-12-16 21:31:19
(epstopdf)                    size: 51117 bytes
(epstopdf)             Command: <repstopdf --outfile=modelVsAccuracy-test-gauss
ian-eps-converted-to.pdf modelVsAccuracy-test-gaussian.eps>
(epstopdf)             \includegraphics on input line 260.
Package epstopdf Info: Output file is already uptodate.

<modelVsAccuracy-test-gaussian-eps-converted-to.pdf, id=252, 849.1725pt x 596.2
275pt>
File: modelVsAccuracy-test-gaussian-eps-converted-to.pdf Graphic file (type pdf
)
 <use modelVsAccuracy-test-gaussian-eps-converted-to.pdf>
Package pdftex.def Info: modelVsAccuracy-test-gaussian-eps-converted-to.pdf use
d on input line 260.
(pdftex.def)             Requested size: 398.33858pt x 279.6811pt.
Package epstopdf Info: Source file: <modelVsAccuracy-test-spherical.eps>
(epstopdf)                    date: 2012-12-16 06:37:39
(epstopdf)                    size: 179545 bytes
(epstopdf)             Output file: <modelVsAccuracy-test-spherical-eps-convert
ed-to.pdf>
(epstopdf)                    date: 2012-12-16 21:31:20
(epstopdf)                    size: 50707 bytes
(epstopdf)             Command: <repstopdf --outfile=modelVsAccuracy-test-spher
ical-eps-converted-to.pdf modelVsAccuracy-test-spherical.eps>
(epstopdf)             \includegraphics on input line 267.
Package epstopdf Info: Output file is already uptodate.

<modelVsAccuracy-test-spherical-eps-converted-to.pdf, id=253, 849.1725pt x 596.
2275pt>
File: modelVsAccuracy-test-spherical-eps-converted-to.pdf Graphic file (type pd
f)
 <use modelVsAccuracy-test-spherical-eps-converted-to.pdf>
Package pdftex.def Info: modelVsAccuracy-test-spherical-eps-converted-to.pdf us
ed on input line 267.
(pdftex.def)             Requested size: 398.33858pt x 279.6811pt.
 [13pdfTeX warning (ext4): destination with the same identifier (name{figure.10
}) has been already used, duplicate ignored

\AtBegShi@Output ...ipout \box \AtBeginShipoutBox 
                                                  \fi \fi 
l.271 
      pdfTeX warning (ext4): destination with the same identifier (name{figure.
11}) has been already used, duplicate ignored

\AtBegShi@Output ...ipout \box \AtBeginShipoutBox 
                                                  \fi \fi 
l.271 
       <./modelVsAccuracy-test-linear-eps-converted-to.pdf> <./modelVsAccuracy-
test-gaussian-eps-converted-to.pdf>] [14pdfTeX warning (ext4): destination with
 the same identifier (name{figure.12}) has been already used, duplicate ignored


\AtBegShi@Output ...ipout \box \AtBeginShipoutBox 
                                                  \fi \fi 
l.295 \bibitem{hwwmj08}
                        <./modelVsAccuracy-test-spherical-eps-converted-to.pdf>
]
Missing character: There is no ‚ in font cmr12!
Missing character: There is no Ä in font cmr12!
Missing character: There is no ì in font cmr12!
Package atveryend Info: Empty hook `BeforeClearDocument' on input line 349.
 [15]
Package atveryend Info: Empty hook `AfterLastShipout' on input line 349.
 (./README.aux)
Package atveryend Info: Executing hook `AtVeryEndDocument' on input line 349.
Package atveryend Info: Executing hook `AtEndAfterFileList' on input line 349.
Package rerunfilecheck Info: File `README.out' has not changed.
(rerunfilecheck)             Checksum: 0E324762A6716A22C821F30BB7493215;1207.


LaTeX Font Warning: Some font shapes were not available, defaults substituted.

Package atveryend Info: Empty hook `AtVeryVeryEnd' on input line 349.
 ) 
Here is how much of TeX's memory you used:
 6767 strings out of 493488
 98590 string characters out of 3141326
 189518 words of memory out of 3000000
 9879 multiletter control sequences out of 15000+200000
 16001 words of font info for 58 fonts, out of 3000000 for 9000
 957 hyphenation exceptions out of 8191
 29i,20n,32p,1377b,430s stack positions out of 5000i,500n,10000p,200000b,50000s
</usr/local/texlive/2012/texmf-dist/fonts/type1/public/amsfonts/cm/cmbx10.pfb
></usr/local/texlive/2012/texmf-dist/fonts/type1/public/amsfonts/cm/cmbx12.pfb>
</usr/local/texlive/2012/texmf-dist/fonts/type1/public/amsfonts/cm/cmex10.pfb><
/usr/local/texlive/2012/texmf-dist/fonts/type1/public/amsfonts/cm/cmmi12.pfb></
usr/local/texlive/2012/texmf-dist/fonts/type1/public/amsfonts/cm/cmmi6.pfb></us
r/local/texlive/2012/texmf-dist/fonts/type1/public/amsfonts/cm/cmmi8.pfb></usr/
local/texlive/2012/texmf-dist/fonts/type1/public/amsfonts/cm/cmr10.pfb></usr/lo
cal/texlive/2012/texmf-dist/fonts/type1/public/amsfonts/cm/cmr12.pfb></usr/loca
l/texlive/2012/texmf-dist/fonts/type1/public/amsfonts/cm/cmr17.pfb></usr/local/
texlive/2012/texmf-dist/fonts/type1/public/amsfonts/cm/cmr8.pfb></usr/local/tex
live/2012/texmf-dist/fonts/type1/public/amsfonts/cm/cmsy10.pfb></usr/local/texl
ive/2012/texmf-dist/fonts/type1/public/amsfonts/cm/cmsy8.pfb></usr/local/texliv
e/2012/texmf-dist/fonts/type1/public/amsfonts/cm/cmti12.pfb></usr/local/texlive
/2012/texmf-dist/fonts/type1/public/amsfonts/cm/cmtt12.pfb>
Output written on README.pdf (15 pages, 1042714 bytes).
PDF statistics:
 348 PDF objects out of 1000 (max. 8388607)
 301 compressed objects within 4 object streams
 84 named destinations out of 1000 (max. 500000)
 189 words of extra memory for PDF output out of 10000 (max. 10000000)

